<?xml version="1.0" encoding="UTF-8"?>
<!-- Generated by org.testng.reporters.JUnitReportReporter -->
<testsuite hostname="DESKTOP-3K61EP2" failures="0" tests="1" name="TestCase.LoginTc_001" time="8.439" errors="0" timestamp="2022-10-20T18:13:21 IST" skipped="0">
  <testcase classname="TestCase.LoginTc_001" name="Login_01" time="8.439"/>
  <system-out/>
</testsuite> <!-- TestCase.LoginTc_001 -->
